<?xml version="1.0" encoding="UTF-8"?>
<!-- Generated by org.testng.reporters.JUnitXMLReporter -->
<testsuite hostname="LAPTOP-6KPONN4H" ignored="12" name="smoke and special for qa8 testing" tests="1" failures="0" timestamp="2021-04-27T20:10:57 IDT" time="6.19" errors="0">
  <testcase name="applicationTest" time="0.007" classname="org.example.tests.HomePageTests"/>
  <testcase name="@BeforeSuite initTestSuite" time="0.0" classname="org.example.tests.TestBase">
    <ignored/>
  </testcase> <!-- @BeforeSuite initTestSuite -->
  <testcase name="@BeforeSuite initTestSuite" time="0.0" classname="org.example.tests.TestBase">
    <ignored/>
  </testcase> <!-- @BeforeSuite initTestSuite -->
  <testcase name="negativePasswordIncorrect" time="0.0" classname="org.example.tests.LoginTests">
    <ignored/>
  </testcase> <!-- negativePasswordIncorrect -->
  <testcase name="createNewList" time="0.0" classname="org.example.tests.CurrentBoardTests">
    <ignored/>
  </testcase> <!-- createNewList -->
  <testcase name="loginNegativeLoginIncorrect2" time="0.0" classname="org.example.tests.LoginTests">
    <ignored/>
  </testcase> <!-- loginNegativeLoginIncorrect2 -->
  <testcase name="loginNegativeParametricThird" time="0.0" classname="org.example.tests.LoginTests">
    <ignored/>
  </testcase> <!-- loginNegativeParametricThird -->
  <testcase name="deleteLastList" time="0.0" classname="org.example.tests.CurrentBoardTests">
    <ignored/>
  </testcase> <!-- deleteLastList -->
  <testcase name="addCardToLastList" time="0.0" classname="org.example.tests.CurrentBoardTests">
    <ignored/>
  </testcase> <!-- addCardToLastList -->
  <testcase name="loginNegative" time="0.0" classname="org.example.tests.LoginTests">
    <ignored/>
  </testcase> <!-- loginNegative -->
  <testcase name="loginNegativeParametricSecond" time="0.0" classname="org.example.tests.LoginTests">
    <ignored/>
  </testcase> <!-- loginNegativeParametricSecond -->
  <testcase name="loginPositive" time="0.0" classname="org.example.tests.LoginTests">
    <ignored/>
  </testcase> <!-- loginPositive -->
  <testcase name="loginNegativeLoginEmpty" time="0.0" classname="org.example.tests.LoginTests">
    <ignored/>
  </testcase> <!-- loginNegativeLoginEmpty -->
</testsuite> <!-- smoke and special for qa8 testing -->
