<?xml version="1.0" encoding="UTF-8"?>
<!-- Generated by org.testng.reporters.JUnitXMLReporter -->
<testsuite hostname="LAPTOP-6KPONN4H" ignored="10" name="smoke testing" tests="7" failures="0" timestamp="2021-04-27T19:40:19 IDT" time="121.559" errors="0">
  <testcase name="loginNegative" time="2.145" classname="org.example.tests.LoginTests"/>
  <testcase name="loginNegative" time="2.1" classname="org.example.tests.LoginTests"/>
  <testcase name="loginNegative" time="2.116" classname="org.example.tests.LoginTests"/>
  <testcase name="createNewList" time="1.555" classname="org.example.tests.CurrentBoardTests"/>
  <testcase name="createNewList" time="1.561" classname="org.example.tests.CurrentBoardTests"/>
  <testcase name="createNewList" time="1.634" classname="org.example.tests.CurrentBoardTests"/>
  <testcase name="deleteLastList" time="1.463" classname="org.example.tests.CurrentBoardTests"/>
  <testcase name="@BeforeSuite initTestSuite" time="0.0" classname="org.example.tests.TestBase">
    <ignored/>
  </testcase> <!-- @BeforeSuite initTestSuite -->
  <testcase name="@BeforeSuite initTestSuite" time="0.0" classname="org.example.tests.TestBase">
    <ignored/>
  </testcase> <!-- @BeforeSuite initTestSuite -->
  <testcase name="applicationTest" time="0.0" classname="org.example.tests.HomePageTests">
    <ignored/>
  </testcase> <!-- applicationTest -->
  <testcase name="negativePasswordIncorrect" time="0.0" classname="org.example.tests.LoginTests">
    <ignored/>
  </testcase> <!-- negativePasswordIncorrect -->
  <testcase name="loginNegativeLoginIncorrect2" time="0.0" classname="org.example.tests.LoginTests">
    <ignored/>
  </testcase> <!-- loginNegativeLoginIncorrect2 -->
  <testcase name="loginNegativeParametricThird" time="0.0" classname="org.example.tests.LoginTests">
    <ignored/>
  </testcase> <!-- loginNegativeParametricThird -->
  <testcase name="addCardToLastList" time="0.0" classname="org.example.tests.CurrentBoardTests">
    <ignored/>
  </testcase> <!-- addCardToLastList -->
  <testcase name="loginNegativeParametricSecond" time="0.0" classname="org.example.tests.LoginTests">
    <ignored/>
  </testcase> <!-- loginNegativeParametricSecond -->
  <testcase name="loginPositive" time="0.0" classname="org.example.tests.LoginTests">
    <ignored/>
  </testcase> <!-- loginPositive -->
  <testcase name="loginNegativeLoginEmpty" time="0.0" classname="org.example.tests.LoginTests">
    <ignored/>
  </testcase> <!-- loginNegativeLoginEmpty -->
</testsuite> <!-- smoke testing -->
