<?xml version="1.0" encoding="UTF-8"?>
<!-- Generated by org.testng.reporters.JUnitXMLReporter -->
<testsuite hostname="LAPTOP-6KPONN4H" ignored="1" name="Test1" tests="3" failures="0" timestamp="2021-04-27T18:49:49 IDT" time="79.257" errors="0">
  <testcase name="comparisonOfUsernames" time="1.699" classname="org.example.tests.MemberMenuTests"/>
  <testcase name="memberMenuFindEmail" time="0.263" classname="org.example.tests.MemberMenuTests"/>
  <testcase name="newCardInActivity" time="13.125" classname="org.example.tests.ActivityTests"/>
  <testcase name="@BeforeSuite initTestSuite" time="0.0" classname="org.example.tests.TestBase">
    <ignored/>
  </testcase> <!-- @BeforeSuite initTestSuite -->
</testsuite> <!-- Test1 -->
