-------------------------------------------------------------------------------
Test set: TestSuite
-------------------------------------------------------------------------------
Tests run: 3, Failures: 1, Errors: 0, Skipped: 0, Time elapsed: 49.014 s <<< FAILURE! - in TestSuite
loginNegative(org.example.tests.LoginTests)  Time elapsed: 21.79 s  <<< FAILURE!
java.lang.AssertionError: Different error message did not expect to find [true] but found [false]
	at org.example.tests.LoginTests.loginNegative(LoginTests.java:160)

