<?xml version="1.0" encoding="UTF-8"?>
<testsuite xmlns:xsi="http://www.w3.org/2001/XMLSchema-instance" xsi:noNamespaceSchemaLocation="https://maven.apache.org/surefire/maven-surefire-plugin/xsd/surefire-test-report.xsd" name="TestSuite" time="49.014" tests="3" errors="0" skipped="0" failures="1">
  <properties>
[...]
</properties>
  <testcase name="loginNegative" classname="org.example.tests.LoginTests" time="21.79">
    <failure message="Different error message did not expect to find [true] but found [false]" type="java.lang.AssertionError">java.lang.AssertionError: Different error message did not expect to find [true] but found [false]
	at org.example.tests.LoginTests.loginNegative(LoginTests.java:160)
</failure>
    <system-out><![CDATA[...
... TestNG 7.0.0 by CÃ©dric Beust (cedric@beust.com)
...

2021-04-30 11:15:20 INFO  LogLog4j:40 - -=-=-=-=-=-=-=-=-=-=-=-=-=-=-=-
2021-04-30 11:15:20 INFO  LogLog4j:40 - Find element: By.xpath: //a[contains(text(),'Log in')]
2021-04-30 11:15:20 INFO  LogLog4j:40 - By.xpath: //a[contains(text(),'Log in')] element was found!
2021-04-30 11:15:20 INFO  LogLog4j:40 - -=-=-=-=-=-=-=-=-=-=-=-=-=-=-=-
2021-04-30 11:15:20 INFO  LogLog4j:40 - 
2021-04-30 11:15:20 INFO  LogLog4j:40 - -=-=-=-=-=-=-=-=-=-=-=-=-=-=-=-
2021-04-30 11:15:20 INFO  LogLog4j:40 - Find element: By.xpath: //a[contains(text(),'Log in')]
2021-04-30 11:15:20 INFO  LogLog4j:40 - By.xpath: //a[contains(text(),'Log in')] element was found!
2021-04-30 11:15:20 INFO  LogLog4j:40 - -=-=-=-=-=-=-=-=-=-=-=-=-=-=-=-
2021-04-30 11:15:20 INFO  LogLog4j:40 - 
2021-04-30 11:15:20 INFO  LogLog4j:40 - -=-=-=-=-=-=-=-=-=-=-=-=-=-=-=-
2021-04-30 11:15:20 INFO  LogLog4j:40 - Find element: By.xpath: //a[contains(text(),'Log in')]
2021-04-30 11:15:20 INFO  LogLog4j:40 - By.xpath: //a[contains(text(),'Log in')] element was found!
2021-04-30 11:15:20 INFO  LogLog4j:40 - -=-=-=-=-=-=-=-=-=-=-=-=-=-=-=-
2021-04-30 11:15:20 INFO  LogLog4j:40 - 
2021-04-30 11:15:20 INFO  LogLog4j:40 - -=-=-=-=-=-=-=-=-=-=-=-=-=-=-=-
2021-04-30 11:15:20 INFO  LogLog4j:40 - Find element: By.id: user
2021-04-30 11:15:22 INFO  LogLog4j:40 - By.id: user element was found!
2021-04-30 11:15:22 INFO  LogLog4j:40 - -=-=-=-=-=-=-=-=-=-=-=-=-=-=-=-
2021-04-30 11:15:22 INFO  LogLog4j:40 - 
2021-04-30 11:15:22 INFO  LogLog4j:40 - -=-=-=-=-=-=-=-=-=-=-=-=-=-=-=-
2021-04-30 11:15:22 INFO  LogLog4j:40 - Find element: By.id: user
2021-04-30 11:15:22 INFO  LogLog4j:40 - By.id: user element was found!
2021-04-30 11:15:22 INFO  LogLog4j:40 - -=-=-=-=-=-=-=-=-=-=-=-=-=-=-=-
2021-04-30 11:15:22 INFO  LogLog4j:40 - 
2021-04-30 11:15:22 INFO  LogLog4j:40 - -=-=-=-=-=-=-=-=-=-=-=-=-=-=-=-
2021-04-30 11:15:22 INFO  LogLog4j:40 - Find element: By.id: login
2021-04-30 11:15:22 INFO  LogLog4j:40 - By.id: login element was found!
2021-04-30 11:15:22 INFO  LogLog4j:40 - -=-=-=-=-=-=-=-=-=-=-=-=-=-=-=-
2021-04-30 11:15:22 INFO  LogLog4j:40 - 
2021-04-30 11:15:22 INFO  LogLog4j:40 - -=-=-=-=-=-=-=-=-=-=-=-=-=-=-=-
2021-04-30 11:15:22 INFO  LogLog4j:40 - Find element: By.id: login
2021-04-30 11:15:22 INFO  LogLog4j:40 - By.id: login element was found!
2021-04-30 11:15:22 INFO  LogLog4j:40 - -=-=-=-=-=-=-=-=-=-=-=-=-=-=-=-
2021-04-30 11:15:22 INFO  LogLog4j:40 - 
2021-04-30 11:15:22 INFO  LogLog4j:16 - 
2021-04-30 11:15:22 INFO  LogLog4j:17 - *******************************************************************
2021-04-30 11:15:22 INFO  LogLog4j:18 -              Start Test Case: loginNegative
2021-04-30 11:15:22 INFO  LogLog4j:19 - *******************************************************************
2021-04-30 11:15:22 INFO  LogLog4j:20 - 
2021-04-30 11:15:22 INFO  LogLog4j:40 -        Parameter login: ymJ
2021-04-30 11:15:22 INFO  LogLog4j:40 -        Parameter password: djScz
2021-04-30 11:15:22 INFO  LogLog4j:40 - [ METHOD:  'enterLoginPassNotAttl'  IS  STARTED ]
2021-04-30 11:15:22 INFO  LogLog4j:40 - [ METHOD:  'enterLoginNotAttl'  IS  STARTED ]
2021-04-30 11:15:22 INFO  LogLog4j:40 - -=-=-=-=-=-=-=-=-=-=-=-=-=-=-=-
2021-04-30 11:15:22 INFO  LogLog4j:40 - Find element: By.id: user
2021-04-30 11:15:22 INFO  LogLog4j:40 - By.id: user element was found!
2021-04-30 11:15:22 INFO  LogLog4j:40 - -=-=-=-=-=-=-=-=-=-=-=-=-=-=-=-
2021-04-30 11:15:22 INFO  LogLog4j:40 - 
2021-04-30 11:15:22 INFO  LogLog4j:40 - -=-=-=-=-=-=-=-=-=-=-=-=-=-=-=-
2021-04-30 11:15:22 INFO  LogLog4j:40 - Find element: By.id: user
2021-04-30 11:15:22 INFO  LogLog4j:40 - By.id: user element was found!
2021-04-30 11:15:22 INFO  LogLog4j:40 - -=-=-=-=-=-=-=-=-=-=-=-=-=-=-=-
2021-04-30 11:15:22 INFO  LogLog4j:40 - 
2021-04-30 11:15:22 INFO  LogLog4j:40 - -=-=-=-=-=-=-=-=-=-=-=-=-=-=-=-
2021-04-30 11:15:22 INFO  LogLog4j:40 - Find element: By.id: user
2021-04-30 11:15:22 INFO  LogLog4j:40 - By.id: user element was found!
2021-04-30 11:15:22 INFO  LogLog4j:40 - -=-=-=-=-=-=-=-=-=-=-=-=-=-=-=-
2021-04-30 11:15:22 INFO  LogLog4j:40 - 
2021-04-30 11:15:22 INFO  LogLog4j:40 - ------- Login value /ymJ/ was entered
2021-04-30 11:15:22 INFO  LogLog4j:40 - 
2021-04-30 11:15:22 INFO  LogLog4j:40 - ------- Login value /ymJ/ was entered
2021-04-30 11:15:22 INFO  LogLog4j:40 - [ METHOD:  'enterPasswordNotAttl'  IS  STARTED ]
2021-04-30 11:15:22 INFO  LogLog4j:40 - -=-=-=-=-=-=-=-=-=-=-=-=-=-=-=-
2021-04-30 11:15:22 INFO  LogLog4j:40 - Find element: By.id: password
2021-04-30 11:15:22 INFO  LogLog4j:40 - By.id: password element was found!
2021-04-30 11:15:22 INFO  LogLog4j:40 - -=-=-=-=-=-=-=-=-=-=-=-=-=-=-=-
2021-04-30 11:15:22 INFO  LogLog4j:40 - 
2021-04-30 11:15:22 INFO  LogLog4j:40 - -=-=-=-=-=-=-=-=-=-=-=-=-=-=-=-
2021-04-30 11:15:22 INFO  LogLog4j:40 - Find element: By.id: password
2021-04-30 11:15:22 INFO  LogLog4j:40 - By.id: password element was found!
2021-04-30 11:15:22 INFO  LogLog4j:40 - -=-=-=-=-=-=-=-=-=-=-=-=-=-=-=-
2021-04-30 11:15:22 INFO  LogLog4j:40 - 
2021-04-30 11:15:22 INFO  LogLog4j:40 - -=-=-=-=-=-=-=-=-=-=-=-=-=-=-=-
2021-04-30 11:15:22 INFO  LogLog4j:40 - Find element: By.id: password
2021-04-30 11:15:22 INFO  LogLog4j:40 - By.id: password element was found!
2021-04-30 11:15:22 INFO  LogLog4j:40 - -=-=-=-=-=-=-=-=-=-=-=-=-=-=-=-
2021-04-30 11:15:22 INFO  LogLog4j:40 - 
2021-04-30 11:15:22 INFO  LogLog4j:40 - -=-=-=-=-=-=-=-=-=-=-=-=-=-=-=-
2021-04-30 11:15:22 INFO  LogLog4j:40 - Find element: By.id: password
2021-04-30 11:15:22 INFO  LogLog4j:40 - By.id: password element was found!
2021-04-30 11:15:22 INFO  LogLog4j:40 - -=-=-=-=-=-=-=-=-=-=-=-=-=-=-=-
2021-04-30 11:15:22 INFO  LogLog4j:40 - 
2021-04-30 11:15:22 INFO  LogLog4j:40 - -=-=-=-=-=-=-=-=-=-=-=-=-=-=-=-
2021-04-30 11:15:22 INFO  LogLog4j:40 - Find element: By.id: password
2021-04-30 11:15:22 INFO  LogLog4j:40 - By.id: password element was found!
2021-04-30 11:15:22 INFO  LogLog4j:40 - -=-=-=-=-=-=-=-=-=-=-=-=-=-=-=-
2021-04-30 11:15:22 INFO  LogLog4j:40 - 
2021-04-30 11:15:22 INFO  LogLog4j:40 - ------- Password value /djScz/ was entered
2021-04-30 11:15:22 INFO  LogLog4j:40 - 
2021-04-30 11:15:23 INFO  LogLog4j:40 - ------- Password value /djScz/ was entered
2021-04-30 11:15:23 INFO  LogLog4j:40 - [ METHOD:  'clickLoginInButtonNotAttl'  IS  STARTED ]
2021-04-30 11:15:23 INFO  LogLog4j:40 - -=-=-=-=-=-=-=-=-=-=-=-=-=-=-=-
2021-04-30 11:15:23 INFO  LogLog4j:40 - Find element: By.id: login
2021-04-30 11:15:23 INFO  LogLog4j:40 - By.id: login element was found!
2021-04-30 11:15:23 INFO  LogLog4j:40 - -=-=-=-=-=-=-=-=-=-=-=-=-=-=-=-
2021-04-30 11:15:23 INFO  LogLog4j:40 - 
2021-04-30 11:15:23 INFO  LogLog4j:40 - -=-=-=-=-=-=-=-=-=-=-=-=-=-=-=-
2021-04-30 11:15:23 INFO  LogLog4j:40 - Find element: By.id: login
2021-04-30 11:15:23 INFO  LogLog4j:40 - By.id: login element was found!
2021-04-30 11:15:23 INFO  LogLog4j:40 - -=-=-=-=-=-=-=-=-=-=-=-=-=-=-=-
2021-04-30 11:15:23 INFO  LogLog4j:40 - 
2021-04-30 11:15:23 INFO  LogLog4j:40 - -=-=-=-=-=-=-=-=-=-=-=-=-=-=-=-
2021-04-30 11:15:23 INFO  LogLog4j:40 - Find element: By.id: login
2021-04-30 11:15:23 INFO  LogLog4j:40 - By.id: login element was found!
2021-04-30 11:15:23 INFO  LogLog4j:40 - -=-=-=-=-=-=-=-=-=-=-=-=-=-=-=-
2021-04-30 11:15:23 INFO  LogLog4j:40 - 
2021-04-30 11:15:23 INFO  LogLog4j:40 - ------> Click on LOGIN button (not Attl.)
2021-04-30 11:15:23 INFO  LogLog4j:40 - 
2021-04-30 11:15:23 INFO  LogLog4j:40 - ------> Click on LOGIN button (not Attl.)
2021-04-30 11:15:23 INFO  LogLog4j:40 - 
2021-04-30 11:15:23 INFO  LogLog4j:40 - Not attl. Login: ( ymJ ) and Password: ( djScz ) was entered
2021-04-30 11:15:23 INFO  LogLog4j:40 - [ METHOD:  'clickLoginInButtonNotAttl'  IS  STARTED ]
2021-04-30 11:15:23 INFO  LogLog4j:40 - -=-=-=-=-=-=-=-=-=-=-=-=-=-=-=-
2021-04-30 11:15:23 INFO  LogLog4j:40 - Find element: By.cssSelector: #error >.error-message
2021-04-30 11:15:23 INFO  LogLog4j:40 - By.cssSelector: #error >.error-message element was found!
2021-04-30 11:15:23 INFO  LogLog4j:40 - -=-=-=-=-=-=-=-=-=-=-=-=-=-=-=-
2021-04-30 11:15:23 INFO  LogLog4j:40 - 
2021-04-30 11:15:24 INFO  LogLog4j:40 - -=-=-=-=-=-=-=-=-=-=-=-=-=-=-=-
2021-04-30 11:15:24 INFO  LogLog4j:40 - Find element: By.cssSelector: #error >.error-message
2021-04-30 11:15:24 INFO  LogLog4j:40 - By.cssSelector: #error >.error-message element was found!
2021-04-30 11:15:24 INFO  LogLog4j:40 - -=-=-=-=-=-=-=-=-=-=-=-=-=-=-=-
2021-04-30 11:15:24 INFO  LogLog4j:40 - 
2021-04-30 11:15:24 INFO  LogLog4j:40 - -=-=-=-=-=-=-=-=-=-=-=-=-=-=-=-
2021-04-30 11:15:24 INFO  LogLog4j:40 - Find element: By.cssSelector: #error >.error-message
2021-04-30 11:15:24 INFO  LogLog4j:40 - By.cssSelector: #error >.error-message element was found!
2021-04-30 11:15:24 INFO  LogLog4j:40 - -=-=-=-=-=-=-=-=-=-=-=-=-=-=-=-
2021-04-30 11:15:24 INFO  LogLog4j:40 - 
2021-04-30 11:15:25 INFO  LogLog4j:40 - -=-=-=-=-=-=-=-=-=-=-=-=-=-=-=-
2021-04-30 11:15:25 INFO  LogLog4j:40 - Find element: By.cssSelector: #error >.error-message
2021-04-30 11:15:25 INFO  LogLog4j:40 - By.cssSelector: #error >.error-message element was found!
2021-04-30 11:15:25 INFO  LogLog4j:40 - -=-=-=-=-=-=-=-=-=-=-=-=-=-=-=-
2021-04-30 11:15:25 INFO  LogLog4j:40 - 
2021-04-30 11:15:26 INFO  LogLog4j:40 - -=-=-=-=-=-=-=-=-=-=-=-=-=-=-=-
2021-04-30 11:15:26 INFO  LogLog4j:40 - Find element: By.cssSelector: #error >.error-message
2021-04-30 11:15:26 INFO  LogLog4j:40 - By.cssSelector: #error >.error-message element was found!
2021-04-30 11:15:26 INFO  LogLog4j:40 - -=-=-=-=-=-=-=-=-=-=-=-=-=-=-=-
2021-04-30 11:15:26 INFO  LogLog4j:40 - 
2021-04-30 11:15:26 INFO  LogLog4j:40 - -=-=-=-=-=-=-=-=-=-=-=-=-=-=-=-
2021-04-30 11:15:26 INFO  LogLog4j:40 - Find element: By.cssSelector: #error >.error-message
2021-04-30 11:15:26 INFO  LogLog4j:40 - By.cssSelector: #error >.error-message element was found!
2021-04-30 11:15:26 INFO  LogLog4j:40 - -=-=-=-=-=-=-=-=-=-=-=-=-=-=-=-
2021-04-30 11:15:26 INFO  LogLog4j:40 - 
2021-04-30 11:15:27 INFO  LogLog4j:40 - -=-=-=-=-=-=-=-=-=-=-=-=-=-=-=-
2021-04-30 11:15:27 INFO  LogLog4j:40 - Find element: By.cssSelector: #error >.error-message
2021-04-30 11:15:27 INFO  LogLog4j:40 - By.cssSelector: #error >.error-message element was found!
2021-04-30 11:15:27 INFO  LogLog4j:40 - -=-=-=-=-=-=-=-=-=-=-=-=-=-=-=-
2021-04-30 11:15:27 INFO  LogLog4j:40 - 
2021-04-30 11:15:27 INFO  LogLog4j:40 - -=-=-=-=-=-=-=-=-=-=-=-=-=-=-=-
2021-04-30 11:15:27 INFO  LogLog4j:40 - Find element: By.cssSelector: #error >.error-message
2021-04-30 11:15:27 INFO  LogLog4j:40 - By.cssSelector: #error >.error-message element was found!
2021-04-30 11:15:27 INFO  LogLog4j:40 - -=-=-=-=-=-=-=-=-=-=-=-=-=-=-=-
2021-04-30 11:15:27 INFO  LogLog4j:40 - 
2021-04-30 11:15:28 INFO  LogLog4j:40 - -=-=-=-=-=-=-=-=-=-=-=-=-=-=-=-
2021-04-30 11:15:28 INFO  LogLog4j:40 - Find element: By.cssSelector: #error >.error-message
2021-04-30 11:15:28 INFO  LogLog4j:40 - By.cssSelector: #error >.error-message element was found!
2021-04-30 11:15:28 INFO  LogLog4j:40 - -=-=-=-=-=-=-=-=-=-=-=-=-=-=-=-
2021-04-30 11:15:28 INFO  LogLog4j:40 - 
2021-04-30 11:15:28 INFO  LogLog4j:40 - -=-=-=-=-=-=-=-=-=-=-=-=-=-=-=-
2021-04-30 11:15:28 INFO  LogLog4j:40 - Find element: By.cssSelector: #error >.error-message
2021-04-30 11:15:28 INFO  LogLog4j:40 - By.cssSelector: #error >.error-message element was found!
2021-04-30 11:15:28 INFO  LogLog4j:40 - -=-=-=-=-=-=-=-=-=-=-=-=-=-=-=-
2021-04-30 11:15:28 INFO  LogLog4j:40 - 
2021-04-30 11:15:29 INFO  LogLog4j:40 - -=-=-=-=-=-=-=-=-=-=-=-=-=-=-=-
2021-04-30 11:15:29 INFO  LogLog4j:40 - Find element: By.cssSelector: #error >.error-message
2021-04-30 11:15:29 INFO  LogLog4j:40 - By.cssSelector: #error >.error-message element was found!
2021-04-30 11:15:29 INFO  LogLog4j:40 - -=-=-=-=-=-=-=-=-=-=-=-=-=-=-=-
2021-04-30 11:15:29 INFO  LogLog4j:40 - 
2021-04-30 11:15:29 INFO  LogLog4j:40 - -=-=-=-=-=-=-=-=-=-=-=-=-=-=-=-
2021-04-30 11:15:29 INFO  LogLog4j:40 - Find element: By.cssSelector: #error >.error-message
2021-04-30 11:15:29 INFO  LogLog4j:40 - By.cssSelector: #error >.error-message element was found!
2021-04-30 11:15:29 INFO  LogLog4j:40 - -=-=-=-=-=-=-=-=-=-=-=-=-=-=-=-
2021-04-30 11:15:29 INFO  LogLog4j:40 - 
2021-04-30 11:15:30 INFO  LogLog4j:40 - -=-=-=-=-=-=-=-=-=-=-=-=-=-=-=-
2021-04-30 11:15:30 INFO  LogLog4j:40 - Find element: By.cssSelector: #error >.error-message
2021-04-30 11:15:30 INFO  LogLog4j:40 - By.cssSelector: #error >.error-message element was found!
2021-04-30 11:15:30 INFO  LogLog4j:40 - -=-=-=-=-=-=-=-=-=-=-=-=-=-=-=-
2021-04-30 11:15:30 INFO  LogLog4j:40 - 
2021-04-30 11:15:30 INFO  LogLog4j:40 - -=-=-=-=-=-=-=-=-=-=-=-=-=-=-=-
2021-04-30 11:15:30 INFO  LogLog4j:40 - Find element: By.cssSelector: #error >.error-message
2021-04-30 11:15:30 INFO  LogLog4j:40 - By.cssSelector: #error >.error-message element was found!
2021-04-30 11:15:30 INFO  LogLog4j:40 - -=-=-=-=-=-=-=-=-=-=-=-=-=-=-=-
2021-04-30 11:15:30 INFO  LogLog4j:40 - 
2021-04-30 11:15:31 INFO  LogLog4j:40 - -=-=-=-=-=-=-=-=-=-=-=-=-=-=-=-
2021-04-30 11:15:31 INFO  LogLog4j:40 - Find element: By.cssSelector: #error >.error-message
2021-04-30 11:15:31 INFO  LogLog4j:40 - By.cssSelector: #error >.error-message element was found!
2021-04-30 11:15:31 INFO  LogLog4j:40 - -=-=-=-=-=-=-=-=-=-=-=-=-=-=-=-
2021-04-30 11:15:31 INFO  LogLog4j:40 - 
2021-04-30 11:15:32 INFO  LogLog4j:40 - -=-=-=-=-=-=-=-=-=-=-=-=-=-=-=-
2021-04-30 11:15:32 INFO  LogLog4j:40 - Find element: By.cssSelector: #error >.error-message
2021-04-30 11:15:32 INFO  LogLog4j:40 - By.cssSelector: #error >.error-message element was found!
2021-04-30 11:15:32 INFO  LogLog4j:40 - -=-=-=-=-=-=-=-=-=-=-=-=-=-=-=-
2021-04-30 11:15:32 INFO  LogLog4j:40 - 
2021-04-30 11:15:32 INFO  LogLog4j:40 - -=-=-=-=-=-=-=-=-=-=-=-=-=-=-=-
2021-04-30 11:15:32 INFO  LogLog4j:40 - Find element: By.cssSelector: #error >.error-message
2021-04-30 11:15:32 INFO  LogLog4j:40 - By.cssSelector: #error >.error-message element was found!
2021-04-30 11:15:32 INFO  LogLog4j:40 - -=-=-=-=-=-=-=-=-=-=-=-=-=-=-=-
2021-04-30 11:15:32 INFO  LogLog4j:40 - 
2021-04-30 11:15:33 INFO  LogLog4j:40 - -=-=-=-=-=-=-=-=-=-=-=-=-=-=-=-
2021-04-30 11:15:33 INFO  LogLog4j:40 - Find element: By.cssSelector: #error >.error-message
2021-04-30 11:15:33 INFO  LogLog4j:40 - By.cssSelector: #error >.error-message element was found!
2021-04-30 11:15:33 INFO  LogLog4j:40 - -=-=-=-=-=-=-=-=-=-=-=-=-=-=-=-
2021-04-30 11:15:33 INFO  LogLog4j:40 - 
2021-04-30 11:15:33 INFO  LogLog4j:40 - -=-=-=-=-=-=-=-=-=-=-=-=-=-=-=-
2021-04-30 11:15:33 INFO  LogLog4j:40 - Find element: By.cssSelector: #error >.error-message
2021-04-30 11:15:33 INFO  LogLog4j:40 - By.cssSelector: #error >.error-message element was found!
2021-04-30 11:15:33 INFO  LogLog4j:40 - -=-=-=-=-=-=-=-=-=-=-=-=-=-=-=-
2021-04-30 11:15:33 INFO  LogLog4j:40 - 
2021-04-30 11:15:34 INFO  LogLog4j:40 - -=-=-=-=-=-=-=-=-=-=-=-=-=-=-=-
2021-04-30 11:15:34 INFO  LogLog4j:40 - Find element: By.cssSelector: #error >.error-message
2021-04-30 11:15:34 INFO  LogLog4j:40 - By.cssSelector: #error >.error-message element was found!
2021-04-30 11:15:34 INFO  LogLog4j:40 - -=-=-=-=-=-=-=-=-=-=-=-=-=-=-=-
2021-04-30 11:15:34 INFO  LogLog4j:40 - 
2021-04-30 11:15:34 INFO  LogLog4j:40 - -=-=-=-=-=-=-=-=-=-=-=-=-=-=-=-
2021-04-30 11:15:34 INFO  LogLog4j:40 - Find element: By.cssSelector: #error >.error-message
2021-04-30 11:15:34 INFO  LogLog4j:40 - By.cssSelector: #error >.error-message element was found!
2021-04-30 11:15:34 INFO  LogLog4j:40 - -=-=-=-=-=-=-=-=-=-=-=-=-=-=-=-
2021-04-30 11:15:34 INFO  LogLog4j:40 - 
2021-04-30 11:15:35 INFO  LogLog4j:40 - -=-=-=-=-=-=-=-=-=-=-=-=-=-=-=-
2021-04-30 11:15:35 INFO  LogLog4j:40 - Find element: By.cssSelector: #error >.error-message
2021-04-30 11:15:35 INFO  LogLog4j:40 - By.cssSelector: #error >.error-message element was found!
2021-04-30 11:15:35 INFO  LogLog4j:40 - -=-=-=-=-=-=-=-=-=-=-=-=-=-=-=-
2021-04-30 11:15:35 INFO  LogLog4j:40 - 
2021-04-30 11:15:35 INFO  LogLog4j:40 - -=-=-=-=-=-=-=-=-=-=-=-=-=-=-=-
2021-04-30 11:15:35 INFO  LogLog4j:40 - Find element: By.cssSelector: #error >.error-message
2021-04-30 11:15:35 INFO  LogLog4j:40 - By.cssSelector: #error >.error-message element was found!
2021-04-30 11:15:35 INFO  LogLog4j:40 - -=-=-=-=-=-=-=-=-=-=-=-=-=-=-=-
2021-04-30 11:15:35 INFO  LogLog4j:40 - 
2021-04-30 11:15:36 INFO  LogLog4j:40 - -=-=-=-=-=-=-=-=-=-=-=-=-=-=-=-
2021-04-30 11:15:36 INFO  LogLog4j:40 - Find element: By.cssSelector: #error >.error-message
2021-04-30 11:15:36 INFO  LogLog4j:40 - By.cssSelector: #error >.error-message element was found!
2021-04-30 11:15:36 INFO  LogLog4j:40 - -=-=-=-=-=-=-=-=-=-=-=-=-=-=-=-
2021-04-30 11:15:36 INFO  LogLog4j:40 - 
2021-04-30 11:15:36 INFO  LogLog4j:40 - -=-=-=-=-=-=-=-=-=-=-=-=-=-=-=-
2021-04-30 11:15:36 INFO  LogLog4j:40 - Find element: By.cssSelector: #error >.error-message
2021-04-30 11:15:36 INFO  LogLog4j:40 - By.cssSelector: #error >.error-message element was found!
2021-04-30 11:15:36 INFO  LogLog4j:40 - -=-=-=-=-=-=-=-=-=-=-=-=-=-=-=-
2021-04-30 11:15:36 INFO  LogLog4j:40 - 
2021-04-30 11:15:37 INFO  LogLog4j:40 - -=-=-=-=-=-=-=-=-=-=-=-=-=-=-=-
2021-04-30 11:15:37 INFO  LogLog4j:40 - Find element: By.cssSelector: #error >.error-message
2021-04-30 11:15:37 INFO  LogLog4j:40 - By.cssSelector: #error >.error-message element was found!
2021-04-30 11:15:37 INFO  LogLog4j:40 - -=-=-=-=-=-=-=-=-=-=-=-=-=-=-=-
2021-04-30 11:15:37 INFO  LogLog4j:40 - 
2021-04-30 11:15:37 INFO  LogLog4j:40 - -=-=-=-=-=-=-=-=-=-=-=-=-=-=-=-
2021-04-30 11:15:37 INFO  LogLog4j:40 - Find element: By.cssSelector: #error >.error-message
2021-04-30 11:15:38 INFO  LogLog4j:40 - By.cssSelector: #error >.error-message element was found!
2021-04-30 11:15:38 INFO  LogLog4j:40 - -=-=-=-=-=-=-=-=-=-=-=-=-=-=-=-
2021-04-30 11:15:38 INFO  LogLog4j:40 - 
2021-04-30 11:15:38 INFO  LogLog4j:40 - -=-=-=-=-=-=-=-=-=-=-=-=-=-=-=-
2021-04-30 11:15:38 INFO  LogLog4j:40 - Find element: By.cssSelector: #error >.error-message
2021-04-30 11:15:38 INFO  LogLog4j:40 - By.cssSelector: #error >.error-message element was found!
2021-04-30 11:15:38 INFO  LogLog4j:40 - -=-=-=-=-=-=-=-=-=-=-=-=-=-=-=-
2021-04-30 11:15:38 INFO  LogLog4j:40 - 
2021-04-30 11:15:39 INFO  LogLog4j:40 - -=-=-=-=-=-=-=-=-=-=-=-=-=-=-=-
2021-04-30 11:15:39 INFO  LogLog4j:40 - Find element: By.cssSelector: #error >.error-message
2021-04-30 11:15:39 INFO  LogLog4j:40 - By.cssSelector: #error >.error-message element was found!
2021-04-30 11:15:39 INFO  LogLog4j:40 - -=-=-=-=-=-=-=-=-=-=-=-=-=-=-=-
2021-04-30 11:15:39 INFO  LogLog4j:40 - 
2021-04-30 11:15:39 INFO  LogLog4j:40 - -=-=-=-=-=-=-=-=-=-=-=-=-=-=-=-
2021-04-30 11:15:39 INFO  LogLog4j:40 - Find element: By.cssSelector: #error >.error-message
2021-04-30 11:15:39 INFO  LogLog4j:40 - By.cssSelector: #error >.error-message element was found!
2021-04-30 11:15:39 INFO  LogLog4j:40 - -=-=-=-=-=-=-=-=-=-=-=-=-=-=-=-
2021-04-30 11:15:39 INFO  LogLog4j:40 - 
2021-04-30 11:15:40 INFO  LogLog4j:40 - -=-=-=-=-=-=-=-=-=-=-=-=-=-=-=-
2021-04-30 11:15:40 INFO  LogLog4j:40 - Find element: By.cssSelector: #error >.error-message
2021-04-30 11:15:40 INFO  LogLog4j:40 - By.cssSelector: #error >.error-message element was found!
2021-04-30 11:15:40 INFO  LogLog4j:40 - -=-=-=-=-=-=-=-=-=-=-=-=-=-=-=-
2021-04-30 11:15:40 INFO  LogLog4j:40 - 
2021-04-30 11:15:40 INFO  LogLog4j:40 - -=-=-=-=-=-=-=-=-=-=-=-=-=-=-=-
2021-04-30 11:15:40 INFO  LogLog4j:40 - Find element: By.cssSelector: #error >.error-message
2021-04-30 11:15:40 INFO  LogLog4j:40 - By.cssSelector: #error >.error-message element was found!
2021-04-30 11:15:40 INFO  LogLog4j:40 - -=-=-=-=-=-=-=-=-=-=-=-=-=-=-=-
2021-04-30 11:15:40 INFO  LogLog4j:40 - 
2021-04-30 11:15:41 INFO  LogLog4j:40 - -=-=-=-=-=-=-=-=-=-=-=-=-=-=-=-
2021-04-30 11:15:41 INFO  LogLog4j:40 - Find element: By.cssSelector: #error >.error-message
2021-04-30 11:15:41 INFO  LogLog4j:40 - By.cssSelector: #error >.error-message element was found!
2021-04-30 11:15:41 INFO  LogLog4j:40 - -=-=-=-=-=-=-=-=-=-=-=-=-=-=-=-
2021-04-30 11:15:41 INFO  LogLog4j:40 - 
2021-04-30 11:15:41 INFO  LogLog4j:40 - -=-=-=-=-=-=-=-=-=-=-=-=-=-=-=-
2021-04-30 11:15:41 INFO  LogLog4j:40 - Find element: By.cssSelector: #error >.error-message
2021-04-30 11:15:41 INFO  LogLog4j:40 - By.cssSelector: #error >.error-message element was found!
2021-04-30 11:15:41 INFO  LogLog4j:40 - -=-=-=-=-=-=-=-=-=-=-=-=-=-=-=-
2021-04-30 11:15:41 INFO  LogLog4j:40 - 
2021-04-30 11:15:42 INFO  LogLog4j:40 - -=-=-=-=-=-=-=-=-=-=-=-=-=-=-=-
2021-04-30 11:15:42 INFO  LogLog4j:40 - Find element: By.cssSelector: #error >.error-message
2021-04-30 11:15:42 INFO  LogLog4j:40 - By.cssSelector: #error >.error-message element was found!
2021-04-30 11:15:42 INFO  LogLog4j:40 - -=-=-=-=-=-=-=-=-=-=-=-=-=-=-=-
2021-04-30 11:15:42 INFO  LogLog4j:40 - 
2021-04-30 11:15:42 INFO  LogLog4j:40 - -=-=-=-=-=-=-=-=-=-=-=-=-=-=-=-
2021-04-30 11:15:42 INFO  LogLog4j:40 - Find element: By.cssSelector: #error >.error-message
2021-04-30 11:15:42 INFO  LogLog4j:40 - By.cssSelector: #error >.error-message element was found!
2021-04-30 11:15:42 INFO  LogLog4j:40 - -=-=-=-=-=-=-=-=-=-=-=-=-=-=-=-
2021-04-30 11:15:42 INFO  LogLog4j:40 - 
2021-04-30 11:15:43 INFO  LogLog4j:40 - -=-=-=-=-=-=-=-=-=-=-=-=-=-=-=-
2021-04-30 11:15:43 INFO  LogLog4j:40 - Find element: By.cssSelector: #error >.error-message
2021-04-30 11:15:43 INFO  LogLog4j:40 - By.cssSelector: #error >.error-message element was found!
2021-04-30 11:15:43 INFO  LogLog4j:40 - -=-=-=-=-=-=-=-=-=-=-=-=-=-=-=-
2021-04-30 11:15:43 INFO  LogLog4j:40 - 
2021-04-30 11:15:43 INFO  LogLog4j:40 - -=-=-=-=-=-=-=-=-=-=-=-=-=-=-=-
2021-04-30 11:15:43 INFO  LogLog4j:40 - Find element: By.cssSelector: #error >.error-message
2021-04-30 11:15:43 INFO  LogLog4j:40 - By.cssSelector: #error >.error-message element was found!
2021-04-30 11:15:43 INFO  LogLog4j:40 - -=-=-=-=-=-=-=-=-=-=-=-=-=-=-=-
2021-04-30 11:15:43 INFO  LogLog4j:40 - 
2021-04-30 11:15:43 INFO  LogLog4j:40 - -=-=-=-=-=-=-=-=-=-=-=-=-=-=-=-
2021-04-30 11:15:43 INFO  LogLog4j:40 - Find element: By.cssSelector: #error >.error-message
2021-04-30 11:15:43 INFO  LogLog4j:40 - By.cssSelector: #error >.error-message element was found!
2021-04-30 11:15:43 INFO  LogLog4j:40 - -=-=-=-=-=-=-=-=-=-=-=-=-=-=-=-
2021-04-30 11:15:43 INFO  LogLog4j:40 - 
2021-04-30 11:15:44 INFO  LogLog4j:40 - -=-=-=-=-=-=-=-=-=-=-=-=-=-=-=-
2021-04-30 11:15:44 INFO  LogLog4j:40 - Find element: By.cssSelector: #error >.error-message
2021-04-30 11:15:44 INFO  LogLog4j:40 - By.cssSelector: #error >.error-message element was found!
2021-04-30 11:15:44 INFO  LogLog4j:40 - -=-=-=-=-=-=-=-=-=-=-=-=-=-=-=-
2021-04-30 11:15:44 INFO  LogLog4j:40 - 
2021-04-30 11:15:44 ERROR LogLog4j:58 -  (!) Error: -!-!-!-!- Error message of the method 'getErrorNotAttlMessage' - 
2021-04-30 11:15:44 INFO  LogLog4j:40 - 
2021-04-30 11:15:44 INFO  LogLog4j:40 - -=-=-=-=-=-=-=-=-=-=-=-=-=-=-=-
2021-04-30 11:15:44 INFO  LogLog4j:40 - Find element: By.cssSelector: #error >.error-message
2021-04-30 11:15:44 INFO  LogLog4j:40 - By.cssSelector: #error >.error-message element was found!
2021-04-30 11:15:44 INFO  LogLog4j:40 - -=-=-=-=-=-=-=-=-=-=-=-=-=-=-=-
2021-04-30 11:15:44 INFO  LogLog4j:40 - 
]]></system-out>
    <system-err><![CDATA[Starting ChromeDriver 88.0.4324.96 (68dba2d8a0b149a1d3afac56fa74648032bcf46b-refs/branch-heads/4324@{#1784}) on port 21506
Only local connections are allowed.
Please see https://chromedriver.chromium.org/security-considerations for suggestions on keeping ChromeDriver safe.
ChromeDriver was started successfully.
Apr 30, 2021 11:15:16 AM org.openqa.selenium.remote.ProtocolHandshake createSession
INFO: Detected dialect: W3C
org.openqa.selenium.TimeoutException: Expected condition failed: waiting for visibility of [[ChromeDriver: chrome on WINDOWS (f39795d8258288880271637e17c4ba2b)] -> css selector: #error >.error-message] (tried for 20 second(s) with 500 milliseconds interval)
Build info: version: '3.141.59', revision: 'e82be7d358', time: '2018-11-14T08:17:03'
System info: host: 'LAPTOP-6KPONN4H', ip: '192.168.1.31', os.name: 'Windows 10', os.arch: 'amd64', os.version: '10.0', java.version: '1.8.0_281'
Driver info: org.openqa.selenium.support.events.EventFiringWebDriver
Capabilities {acceptInsecureCerts: false, browserName: chrome, browserVersion: 88.0.4324.150, chrome: {chromedriverVersion: 88.0.4324.96 (68dba2d8a0b14..., userDataDir: C:\Users\danma\AppData\Loca...}, goog:chromeOptions: {debuggerAddress: localhost:56147}, javascriptEnabled: true, networkConnectionEnabled: false, pageLoadStrategy: normal, platform: WINDOWS, platformName: WINDOWS, proxy: Proxy(), setWindowRect: true, strictFileInteractability: false, timeouts: {implicit: 0, pageLoad: 300000, script: 30000}, unhandledPromptBehavior: dismiss and notify, webauthn:extension:largeBlob: true, webauthn:virtualAuthenticators: true}
Session ID: f39795d8258288880271637e17c4ba2b
	at org.openqa.selenium.support.ui.WebDriverWait.timeoutException(WebDriverWait.java:95)
	at org.openqa.selenium.support.ui.FluentWait.until(FluentWait.java:272)
	at org.example.pages.PageBase.waitUntilElementIsVisible(PageBase.java:83)
	at org.example.pages.LoginPageHelper.getErrorNotAttlMessage(LoginPageHelper.java:105)
	at org.example.tests.LoginTests.loginNegative(LoginTests.java:160)
	at sun.reflect.NativeMethodAccessorImpl.invoke0(Native Method)
	at sun.reflect.NativeMethodAccessorImpl.invoke(NativeMethodAccessorImpl.java:62)
	at sun.reflect.DelegatingMethodAccessorImpl.invoke(DelegatingMethodAccessorImpl.java:43)
	at java.lang.reflect.Method.invoke(Method.java:498)
	at org.testng.internal.MethodInvocationHelper.invokeMethod(MethodInvocationHelper.java:133)
	at org.testng.internal.TestInvoker.invokeMethod(TestInvoker.java:584)
	at org.testng.internal.TestInvoker.invokeTestMethod(TestInvoker.java:172)
	at org.testng.internal.MethodRunner.runInSequence(MethodRunner.java:46)
	at org.testng.internal.TestInvoker$MethodInvocationAgent.invoke(TestInvoker.java:804)
	at org.testng.internal.TestInvoker.invokeTestMethods(TestInvoker.java:145)
	at org.testng.internal.TestMethodWorker.invokeTestMethods(TestMethodWorker.java:146)
	at org.testng.internal.TestMethodWorker.run(TestMethodWorker.java:128)
	at java.util.ArrayList.forEach(ArrayList.java:1259)
	at org.testng.TestRunner.privateRun(TestRunner.java:770)
	at org.testng.TestRunner.run(TestRunner.java:591)
	at org.testng.SuiteRunner.runTest(SuiteRunner.java:402)
	at org.testng.SuiteRunner.runSequentially(SuiteRunner.java:396)
	at org.testng.SuiteRunner.privateRun(SuiteRunner.java:355)
	at org.testng.SuiteRunner.run(SuiteRunner.java:304)
	at org.testng.SuiteRunnerWorker.runSuite(SuiteRunnerWorker.java:53)
	at org.testng.SuiteRunnerWorker.run(SuiteRunnerWorker.java:96)
	at org.testng.TestNG.runSuitesSequentially(TestNG.java:1180)
	at org.testng.TestNG.runSuitesLocally(TestNG.java:1102)
	at org.testng.TestNG.runSuites(TestNG.java:1032)
	at org.testng.TestNG.run(TestNG.java:1000)
	at org.apache.maven.surefire.testng.TestNGExecutor.run(TestNGExecutor.java:283)
	at org.apache.maven.surefire.testng.TestNGXmlTestSuite.execute(TestNGXmlTestSuite.java:75)
	at org.apache.maven.surefire.testng.TestNGProvider.invoke(TestNGProvider.java:120)
	at org.apache.maven.surefire.booter.ForkedBooter.invokeProviderInSameClassLoader(ForkedBooter.java:384)
	at org.apache.maven.surefire.booter.ForkedBooter.runSuitesInProcess(ForkedBooter.java:345)
	at org.apache.maven.surefire.booter.ForkedBooter.execute(ForkedBooter.java:126)
	at org.apache.maven.surefire.booter.ForkedBooter.main(ForkedBooter.java:418)
]]></system-err>
  </testcase>
  <testcase name="loginNegative" classname="org.example.tests.LoginTests" time="2.167"/>
  <testcase name="loginNegative" classname="org.example.tests.LoginTests" time="2.206"/>
</testsuite>